2024-08-01 13:04:11,509:INFO:Starting data preprocessing
2024-08-01 13:04:11,567:ERROR:Error during project execution: 'The target column is missing from the raw data'
Traceback (most recent call last):
  File "c:\Users\anoushka chatterjee\Desktop\project\scripts\main.py", line 19, in main
    preprocess_data()
  File "c:\Users\anoushka chatterjee\Desktop\project\scripts\data_preprocessing.py", line 17, in preprocess_data
    raise KeyError("The target column is missing from the raw data")
KeyError: 'The target column is missing from the raw data'
2024-08-05 11:07:36,019:INFO:Starting data preprocessing
2024-08-05 11:07:36,105:INFO:Data preprocessing completed
2024-08-05 11:07:36,106:INFO:Starting feature engineering
2024-08-05 11:07:36,190:INFO:Feature engineering completed
2024-08-05 11:07:36,190:INFO:Starting model training
2024-08-05 11:07:36,994:INFO:Model training completed
2024-08-05 11:07:36,994:INFO:Starting model evaluation
2024-08-05 11:07:37,081:INFO:Model evaluation completed
2024-08-05 11:07:37,081:INFO:Project execution completed successfully
2024-08-12 10:45:50,922:INFO:Starting data preprocessing
2024-08-12 10:45:51,079:INFO:Data preprocessing completed
2024-08-12 10:45:51,079:INFO:Starting feature engineering
2024-08-12 10:45:51,222:INFO:Feature engineering completed
2024-08-12 10:45:51,222:INFO:Starting model training
2024-08-12 10:45:52,072:INFO:Model training completed
2024-08-12 10:45:52,072:INFO:Starting model evaluation
2024-08-12 10:45:52,166:INFO:Model evaluation completed
2024-08-12 10:45:52,166:INFO:Project execution completed successfully
2024-08-12 11:44:50,118:INFO:Starting data preprocessing
2024-08-12 11:44:50,186:INFO:Data preprocessing completed
2024-08-12 11:44:50,186:INFO:Starting feature engineering
2024-08-12 11:44:50,255:INFO:Feature engineering completed
2024-08-12 11:44:50,255:INFO:Starting model training
2024-08-12 11:44:50,851:INFO:Model training completed
2024-08-12 11:44:50,851:INFO:Starting model evaluation
2024-08-12 11:44:50,913:INFO:Model evaluation completed
2024-08-12 11:44:50,913:INFO:Project execution completed successfully
